Analysis & Synthesis report for termProject
Thu Apr 11 01:00:18 2019
Quartus II Version 9.1 Build 350 03/24/2010 Service Pack 2 SJ Web Edition


---------------------
; Table of Contents ;
---------------------
  1. Legal Notice
  2. Analysis & Synthesis Summary
  3. Analysis & Synthesis Settings
  4. Parallel Compilation
  5. Analysis & Synthesis Source Files Read
  6. Analysis & Synthesis Resource Usage Summary
  7. Analysis & Synthesis Resource Utilization by Entity
  8. General Register Statistics
  9. Parameter Settings for User Entity Instance: Top-level Entity: |termProject
 10. Port Connectivity Checks: "bcd_8bit_subtractor:comb_4|bcd_8bit_adder:comb_8"
 11. Port Connectivity Checks: "bcd_8bit_subtractor:comb_4|tens_complement:comb_7|bcd_8bit_adder:add1"
 12. Port Connectivity Checks: "bcd_8bit_adder:comb_3|bcd_adder:comb_7|full_adder:fulladd2"
 13. Port Connectivity Checks: "bcd_8bit_adder:comb_3|bcd_adder:comb_7"
 14. Analysis & Synthesis Messages



----------------
; Legal Notice ;
----------------
Copyright (C) 1991-2010 Altera Corporation
Your use of Altera Corporation's design tools, logic functions 
and other software and tools, and its AMPP partner logic 
functions, and any output files from any of the foregoing 
(including device programming or simulation files), and any 
associated documentation or information are expressly subject 
to the terms and conditions of the Altera Program License 
Subscription Agreement, Altera MegaCore Function License 
Agreement, or other applicable license agreement, including, 
without limitation, that your use is for the sole purpose of 
programming logic devices manufactured by Altera and sold by 
Altera or its authorized distributors.  Please refer to the 
applicable agreement for further details.



+-----------------------------------------------------------------------------------+
; Analysis & Synthesis Summary                                                      ;
+------------------------------------+----------------------------------------------+
; Analysis & Synthesis Status        ; Successful - Thu Apr 11 01:00:18 2019        ;
; Quartus II Version                 ; 9.1 Build 350 03/24/2010 SP 2 SJ Web Edition ;
; Revision Name                      ; termProject                                  ;
; Top-level Entity Name              ; termProject                                  ;
; Family                             ; Cyclone IV E                                 ;
; Total logic elements               ; 123                                          ;
;     Total combinational functions  ; 123                                          ;
;     Dedicated logic registers      ; 0                                            ;
; Total registers                    ; 0                                            ;
; Total pins                         ; 60                                           ;
; Total virtual pins                 ; 0                                            ;
; Total memory bits                  ; 0                                            ;
; Embedded Multiplier 9-bit elements ; 0                                            ;
; Total PLLs                         ; 0                                            ;
+------------------------------------+----------------------------------------------+


+----------------------------------------------------------------------------------------------------------------------+
; Analysis & Synthesis Settings                                                                                        ;
+----------------------------------------------------------------------------+--------------------+--------------------+
; Option                                                                     ; Setting            ; Default Value      ;
+----------------------------------------------------------------------------+--------------------+--------------------+
; Device                                                                     ; EP4CE115F29C7      ;                    ;
; Top-level entity name                                                      ; termProject        ; termProject        ;
; Family name                                                                ; Cyclone IV E       ; Stratix II         ;
; Use Generated Physical Constraints File                                    ; Off                ;                    ;
; Use smart compilation                                                      ; Off                ; Off                ;
; Enable parallel Assembler and TimeQuest Timing Analyzer during compilation ; On                 ; On                 ;
; Enable compact report table                                                ; Off                ; Off                ;
; Restructure Multiplexers                                                   ; Auto               ; Auto               ;
; Create Debugging Nodes for IP Cores                                        ; Off                ; Off                ;
; Preserve fewer node names                                                  ; On                 ; On                 ;
; Disable OpenCore Plus hardware evaluation                                  ; Off                ; Off                ;
; Verilog Version                                                            ; Verilog_2001       ; Verilog_2001       ;
; VHDL Version                                                               ; VHDL_1993          ; VHDL_1993          ;
; State Machine Processing                                                   ; Auto               ; Auto               ;
; Safe State Machine                                                         ; Off                ; Off                ;
; Extract Verilog State Machines                                             ; On                 ; On                 ;
; Extract VHDL State Machines                                                ; On                 ; On                 ;
; Ignore Verilog initial constructs                                          ; Off                ; Off                ;
; Iteration limit for constant Verilog loops                                 ; 5000               ; 5000               ;
; Iteration limit for non-constant Verilog loops                             ; 250                ; 250                ;
; Add Pass-Through Logic to Inferred RAMs                                    ; On                 ; On                 ;
; Parallel Synthesis                                                         ; On                 ; On                 ;
; DSP Block Balancing                                                        ; Auto               ; Auto               ;
; NOT Gate Push-Back                                                         ; On                 ; On                 ;
; Power-Up Don't Care                                                        ; On                 ; On                 ;
; Remove Redundant Logic Cells                                               ; Off                ; Off                ;
; Remove Duplicate Registers                                                 ; On                 ; On                 ;
; Ignore CARRY Buffers                                                       ; Off                ; Off                ;
; Ignore CASCADE Buffers                                                     ; Off                ; Off                ;
; Ignore GLOBAL Buffers                                                      ; Off                ; Off                ;
; Ignore ROW GLOBAL Buffers                                                  ; Off                ; Off                ;
; Ignore LCELL Buffers                                                       ; Off                ; Off                ;
; Ignore SOFT Buffers                                                        ; On                 ; On                 ;
; Limit AHDL Integers to 32 Bits                                             ; Off                ; Off                ;
; Optimization Technique                                                     ; Balanced           ; Balanced           ;
; Carry Chain Length                                                         ; 70                 ; 70                 ;
; Auto Carry Chains                                                          ; On                 ; On                 ;
; Auto Open-Drain Pins                                                       ; On                 ; On                 ;
; Perform WYSIWYG Primitive Resynthesis                                      ; Off                ; Off                ;
; Auto ROM Replacement                                                       ; On                 ; On                 ;
; Auto RAM Replacement                                                       ; On                 ; On                 ;
; Auto DSP Block Replacement                                                 ; On                 ; On                 ;
; Auto Shift Register Replacement                                            ; Auto               ; Auto               ;
; Auto Clock Enable Replacement                                              ; On                 ; On                 ;
; Strict RAM Replacement                                                     ; Off                ; Off                ;
; Allow Synchronous Control Signals                                          ; On                 ; On                 ;
; Force Use of Synchronous Clear Signals                                     ; Off                ; Off                ;
; Auto RAM Block Balancing                                                   ; On                 ; On                 ;
; Auto RAM to Logic Cell Conversion                                          ; Off                ; Off                ;
; Auto Resource Sharing                                                      ; Off                ; Off                ;
; Allow Any RAM Size For Recognition                                         ; Off                ; Off                ;
; Allow Any ROM Size For Recognition                                         ; Off                ; Off                ;
; Allow Any Shift Register Size For Recognition                              ; Off                ; Off                ;
; Use LogicLock Constraints during Resource Balancing                        ; On                 ; On                 ;
; Ignore translate_off and synthesis_off directives                          ; Off                ; Off                ;
; Timing-Driven Synthesis                                                    ; On                 ; On                 ;
; Show Parameter Settings Tables in Synthesis Report                         ; On                 ; On                 ;
; Ignore Maximum Fan-Out Assignments                                         ; Off                ; Off                ;
; Synchronization Register Chain Length                                      ; 2                  ; 2                  ;
; PowerPlay Power Optimization                                               ; Normal compilation ; Normal compilation ;
; HDL message level                                                          ; Level2             ; Level2             ;
; Suppress Register Optimization Related Messages                            ; Off                ; Off                ;
; Number of Removed Registers Reported in Synthesis Report                   ; 5000               ; 5000               ;
; Number of Inverted Registers Reported in Synthesis Report                  ; 100                ; 100                ;
; Clock MUX Protection                                                       ; On                 ; On                 ;
; Auto Gated Clock Conversion                                                ; Off                ; Off                ;
; Block Design Naming                                                        ; Auto               ; Auto               ;
; SDC constraint protection                                                  ; Off                ; Off                ;
; Synthesis Effort                                                           ; Auto               ; Auto               ;
; Shift Register Replacement - Allow Asynchronous Clear Signal               ; On                 ; On                 ;
; Analysis & Synthesis Message Level                                         ; Medium             ; Medium             ;
; Disable Register Merging Across Hierarchies                                ; Auto               ; Auto               ;
; Resource Aware Inference For Block RAM                                     ; On                 ; On                 ;
+----------------------------------------------------------------------------+--------------------+--------------------+


Parallel compilation was disabled, but you have multiple processors available. Enable parallel compilation to reduce compilation time.
+-------------------------------------+
; Parallel Compilation                ;
+----------------------------+--------+
; Processors                 ; Number ;
+----------------------------+--------+
; Number detected on machine ; 4      ;
; Maximum allowed            ; 1      ;
+----------------------------+--------+


+---------------------------------------------------------------------------------------------------------------------------------+
; Analysis & Synthesis Source Files Read                                                                                          ;
+----------------------------------+-----------------+------------------------+---------------------------------------------------+
; File Name with User-Entered Path ; Used in Netlist ; File Type              ; File Name with Absolute Path                      ;
+----------------------------------+-----------------+------------------------+---------------------------------------------------+
; termProject.v                    ; yes             ; User Verilog HDL File  ; C:/altera/91sp2/quartus/termProject/termProject.v ;
+----------------------------------+-----------------+------------------------+---------------------------------------------------+


+-----------------------------------------------------------+
; Analysis & Synthesis Resource Usage Summary               ;
+---------------------------------------------+-------------+
; Resource                                    ; Usage       ;
+---------------------------------------------+-------------+
; Estimated Total logic elements              ; 123         ;
;                                             ;             ;
; Total combinational functions               ; 123         ;
; Logic element usage by number of LUT inputs ;             ;
;     -- 4 input functions                    ; 88          ;
;     -- 3 input functions                    ; 15          ;
;     -- <=2 input functions                  ; 20          ;
;                                             ;             ;
; Logic elements by mode                      ;             ;
;     -- normal mode                          ; 123         ;
;     -- arithmetic mode                      ; 0           ;
;                                             ;             ;
; Total registers                             ; 0           ;
;     -- Dedicated logic registers            ; 0           ;
;     -- I/O registers                        ; 0           ;
;                                             ;             ;
; I/O pins                                    ; 60          ;
; Maximum fan-out node                        ; SW[0]~input ;
; Maximum fan-out                             ; 17          ;
; Total fan-out                               ; 540         ;
; Average fan-out                             ; 2.22        ;
+---------------------------------------------+-------------+


+-------------------------------------------------------------------------------------------------------------------------------------------------------------------------------------------------------------------------------------------------------------------------------------------+
; Analysis & Synthesis Resource Utilization by Entity                                                                                                                                                                                                                                       ;
+--------------------------------------+-------------------+--------------+-------------+--------------+---------+-----------+------+--------------+-------------------------------------------------------------------------------------------------------------------------+--------------+
; Compilation Hierarchy Node           ; LC Combinationals ; LC Registers ; Memory Bits ; DSP Elements ; DSP 9x9 ; DSP 18x18 ; Pins ; Virtual Pins ; Full Hierarchy Name                                                                                                     ; Library Name ;
+--------------------------------------+-------------------+--------------+-------------+--------------+---------+-----------+------+--------------+-------------------------------------------------------------------------------------------------------------------------+--------------+
; |termProject                         ; 123 (76)          ; 0 (0)        ; 0           ; 0            ; 0       ; 0         ; 60   ; 0            ; |termProject                                                                                                            ; work         ;
;    |bcd_8bit_adder:comb_3|           ; 20 (0)            ; 0 (0)        ; 0           ; 0            ; 0       ; 0         ; 0    ; 0            ; |termProject|bcd_8bit_adder:comb_3                                                                                      ;              ;
;       |bcd_adder:comb_7|             ; 11 (1)            ; 0 (0)        ; 0           ; 0            ; 0       ; 0         ; 0    ; 0            ; |termProject|bcd_8bit_adder:comb_3|bcd_adder:comb_7                                                                     ;              ;
;          |full_adder:fulladd1|       ; 8 (8)             ; 0 (0)        ; 0           ; 0            ; 0       ; 0         ; 0    ; 0            ; |termProject|bcd_8bit_adder:comb_3|bcd_adder:comb_7|full_adder:fulladd1                                                 ;              ;
;          |full_adder:fulladd2|       ; 2 (2)             ; 0 (0)        ; 0           ; 0            ; 0       ; 0         ; 0    ; 0            ; |termProject|bcd_8bit_adder:comb_3|bcd_adder:comb_7|full_adder:fulladd2                                                 ;              ;
;       |bcd_adder:comb_8|             ; 9 (2)             ; 0 (0)        ; 0           ; 0            ; 0       ; 0         ; 0    ; 0            ; |termProject|bcd_8bit_adder:comb_3|bcd_adder:comb_8                                                                     ;              ;
;          |full_adder:fulladd1|       ; 7 (7)             ; 0 (0)        ; 0           ; 0            ; 0       ; 0         ; 0    ; 0            ; |termProject|bcd_8bit_adder:comb_3|bcd_adder:comb_8|full_adder:fulladd1                                                 ;              ;
;    |bcd_8bit_subtractor:comb_4|      ; 27 (0)            ; 0 (0)        ; 0           ; 0            ; 0       ; 0         ; 0    ; 0            ; |termProject|bcd_8bit_subtractor:comb_4                                                                                 ;              ;
;       |bcd_8bit_adder:comb_8|        ; 17 (0)            ; 0 (0)        ; 0           ; 0            ; 0       ; 0         ; 0    ; 0            ; |termProject|bcd_8bit_subtractor:comb_4|bcd_8bit_adder:comb_8                                                           ;              ;
;          |bcd_adder:comb_7|          ; 9 (1)             ; 0 (0)        ; 0           ; 0            ; 0       ; 0         ; 0    ; 0            ; |termProject|bcd_8bit_subtractor:comb_4|bcd_8bit_adder:comb_8|bcd_adder:comb_7                                          ;              ;
;             |full_adder:fulladd1|    ; 6 (6)             ; 0 (0)        ; 0           ; 0            ; 0       ; 0         ; 0    ; 0            ; |termProject|bcd_8bit_subtractor:comb_4|bcd_8bit_adder:comb_8|bcd_adder:comb_7|full_adder:fulladd1                      ;              ;
;             |full_adder:fulladd2|    ; 2 (2)             ; 0 (0)        ; 0           ; 0            ; 0       ; 0         ; 0    ; 0            ; |termProject|bcd_8bit_subtractor:comb_4|bcd_8bit_adder:comb_8|bcd_adder:comb_7|full_adder:fulladd2                      ;              ;
;          |bcd_adder:comb_8|          ; 8 (1)             ; 0 (0)        ; 0           ; 0            ; 0       ; 0         ; 0    ; 0            ; |termProject|bcd_8bit_subtractor:comb_4|bcd_8bit_adder:comb_8|bcd_adder:comb_8                                          ;              ;
;             |full_adder:fulladd1|    ; 7 (7)             ; 0 (0)        ; 0           ; 0            ; 0       ; 0         ; 0    ; 0            ; |termProject|bcd_8bit_subtractor:comb_4|bcd_8bit_adder:comb_8|bcd_adder:comb_8|full_adder:fulladd1                      ;              ;
;       |tens_complement:comb_7|       ; 10 (0)            ; 0 (0)        ; 0           ; 0            ; 0       ; 0         ; 0    ; 0            ; |termProject|bcd_8bit_subtractor:comb_4|tens_complement:comb_7                                                          ;              ;
;          |bcd_8bit_adder:add1|       ; 10 (0)            ; 0 (0)        ; 0           ; 0            ; 0       ; 0         ; 0    ; 0            ; |termProject|bcd_8bit_subtractor:comb_4|tens_complement:comb_7|bcd_8bit_adder:add1                                      ;              ;
;             |bcd_adder:comb_7|       ; 5 (2)             ; 0 (0)        ; 0           ; 0            ; 0       ; 0         ; 0    ; 0            ; |termProject|bcd_8bit_subtractor:comb_4|tens_complement:comb_7|bcd_8bit_adder:add1|bcd_adder:comb_7                     ;              ;
;                |full_adder:fulladd1| ; 2 (2)             ; 0 (0)        ; 0           ; 0            ; 0       ; 0         ; 0    ; 0            ; |termProject|bcd_8bit_subtractor:comb_4|tens_complement:comb_7|bcd_8bit_adder:add1|bcd_adder:comb_7|full_adder:fulladd1 ;              ;
;                |full_adder:fulladd2| ; 1 (1)             ; 0 (0)        ; 0           ; 0            ; 0       ; 0         ; 0    ; 0            ; |termProject|bcd_8bit_subtractor:comb_4|tens_complement:comb_7|bcd_8bit_adder:add1|bcd_adder:comb_7|full_adder:fulladd2 ;              ;
;             |bcd_adder:comb_8|       ; 5 (1)             ; 0 (0)        ; 0           ; 0            ; 0       ; 0         ; 0    ; 0            ; |termProject|bcd_8bit_subtractor:comb_4|tens_complement:comb_7|bcd_8bit_adder:add1|bcd_adder:comb_8                     ;              ;
;                |full_adder:fulladd1| ; 4 (4)             ; 0 (0)        ; 0           ; 0            ; 0       ; 0         ; 0    ; 0            ; |termProject|bcd_8bit_subtractor:comb_4|tens_complement:comb_7|bcd_8bit_adder:add1|bcd_adder:comb_8|full_adder:fulladd1 ;              ;
+--------------------------------------+-------------------+--------------+-------------+--------------+---------+-----------+------+--------------+-------------------------------------------------------------------------------------------------------------------------+--------------+
Note: For table entries with two numbers listed, the numbers in parentheses indicate the number of resources of the given type used by the specific entity alone. The numbers listed outside of parentheses indicate the total resources of the given type used by the specific entity and all of its sub-entities in the hierarchy.


+------------------------------------------------------+
; General Register Statistics                          ;
+----------------------------------------------+-------+
; Statistic                                    ; Value ;
+----------------------------------------------+-------+
; Total registers                              ; 0     ;
; Number of registers using Synchronous Clear  ; 0     ;
; Number of registers using Synchronous Load   ; 0     ;
; Number of registers using Asynchronous Clear ; 0     ;
; Number of registers using Asynchronous Load  ; 0     ;
; Number of registers using Clock Enable       ; 0     ;
; Number of registers using Preset             ; 0     ;
+----------------------------------------------+-------+


+-----------------------------------------------------------------------------+
; Parameter Settings for User Entity Instance: Top-level Entity: |termProject ;
+----------------+---------+--------------------------------------------------+
; Parameter Name ; Value   ; Type                                             ;
+----------------+---------+--------------------------------------------------+
; Seg9           ; 0001100 ; Unsigned Binary                                  ;
; Seg8           ; 0000000 ; Unsigned Binary                                  ;
; Seg7           ; 0001111 ; Unsigned Binary                                  ;
; Seg6           ; 0100000 ; Unsigned Binary                                  ;
; Seg5           ; 0100100 ; Unsigned Binary                                  ;
; Seg4           ; 1001100 ; Unsigned Binary                                  ;
; Seg3           ; 0000110 ; Unsigned Binary                                  ;
; Seg2           ; 0010010 ; Unsigned Binary                                  ;
; Seg1           ; 1001111 ; Unsigned Binary                                  ;
; Seg0           ; 0000001 ; Unsigned Binary                                  ;
; SegX           ; 1111111 ; Unsigned Binary                                  ;
+----------------+---------+--------------------------------------------------+
Note: In order to hide this table in the UI and the text report file, please set the "Show Parameter Settings Tables in Synthesis Report" option in "Analysis and Synthesis Settings -> More Settings" to "Off".


+------------------------------------------------------------------------------+
; Port Connectivity Checks: "bcd_8bit_subtractor:comb_4|bcd_8bit_adder:comb_8" ;
+----------+-------+----------+------------------------------------------------+
; Port     ; Type  ; Severity ; Details                                        ;
+----------+-------+----------+------------------------------------------------+
; operator ; Input ; Info     ; Stuck at GND                                   ;
+----------+-------+----------+------------------------------------------------+


+-----------------------------------------------------------------------------------------------------------------------------------------------------------------------------------------------------------------------+
; Port Connectivity Checks: "bcd_8bit_subtractor:comb_4|tens_complement:comb_7|bcd_8bit_adder:add1"                                                                                                                     ;
+--------------+--------+----------+------------------------------------------------------------------------------------------------------------------------------------------------------------------------------------+
; Port         ; Type   ; Severity ; Details                                                                                                                                                                            ;
+--------------+--------+----------+------------------------------------------------------------------------------------------------------------------------------------------------------------------------------------+
; overflow     ; Output ; Info     ; Connected to dangling logic. Logic that only feeds a dangling port will be removed.                                                                                                ;
; operator     ; Input  ; Warning  ; Input port expression (32 bits) is wider than the input port (1 bits) it drives.  The 31 most-significant bit(s) in the expression will be dangling if they have no other fanouts. ;
; operator[-1] ; Input  ; Info     ; Stuck at GND                                                                                                                                                                       ;
; in2_10       ; Input  ; Info     ; Stuck at GND                                                                                                                                                                       ;
; in2_1[3..1]  ; Input  ; Info     ; Stuck at GND                                                                                                                                                                       ;
; in2_1[0]     ; Input  ; Info     ; Stuck at VCC                                                                                                                                                                       ;
+--------------+--------+----------+------------------------------------------------------------------------------------------------------------------------------------------------------------------------------------+


+----------------------------------------------------------------------------------------------------------------+
; Port Connectivity Checks: "bcd_8bit_adder:comb_3|bcd_adder:comb_7|full_adder:fulladd2"                         ;
+------+--------+----------+-------------------------------------------------------------------------------------+
; Port ; Type   ; Severity ; Details                                                                             ;
+------+--------+----------+-------------------------------------------------------------------------------------+
; car  ; Output ; Info     ; Connected to dangling logic. Logic that only feeds a dangling port will be removed. ;
; a[3] ; Input  ; Info     ; Stuck at GND                                                                        ;
; a[0] ; Input  ; Info     ; Stuck at GND                                                                        ;
; cin  ; Input  ; Info     ; Stuck at GND                                                                        ;
+------+--------+----------+-------------------------------------------------------------------------------------+


+--------------------------------------------------------------------+
; Port Connectivity Checks: "bcd_8bit_adder:comb_3|bcd_adder:comb_7" ;
+------+-------+----------+------------------------------------------+
; Port ; Type  ; Severity ; Details                                  ;
+------+-------+----------+------------------------------------------+
; cin  ; Input ; Info     ; Stuck at GND                             ;
+------+-------+----------+------------------------------------------+


+-------------------------------+
; Analysis & Synthesis Messages ;
+-------------------------------+
Info: *******************************************************************
Info: Running Quartus II Analysis & Synthesis
    Info: Version 9.1 Build 350 03/24/2010 Service Pack 2 SJ Web Edition
    Info: Processing started: Thu Apr 11 01:00:14 2019
Info: Command: quartus_map --read_settings_files=on --write_settings_files=off termProject -c termProject
Info: Found 7 design units, including 7 entities, in source file termproject.v
    Info: Found entity 1: termProject
    Info: Found entity 2: bcd_8bit_adder
    Info: Found entity 3: bcd_8bit_subtractor
    Info: Found entity 4: bcd_adder
    Info: Found entity 5: full_adder
    Info: Found entity 6: nines_complement
    Info: Found entity 7: tens_complement
Warning (10236): Verilog HDL Implicit Net warning at termProject.v(234): created implicit net for "overflow"
Critical Warning (10846): Verilog HDL Instantiation warning at termProject.v(138): instance has no name
Critical Warning (10846): Verilog HDL Instantiation warning at termProject.v(139): instance has no name
Critical Warning (10846): Verilog HDL Instantiation warning at termProject.v(16): instance has no name
Critical Warning (10846): Verilog HDL Instantiation warning at termProject.v(162): instance has no name
Critical Warning (10846): Verilog HDL Instantiation warning at termProject.v(163): instance has no name
Critical Warning (10846): Verilog HDL Instantiation warning at termProject.v(17): instance has no name
Info: Elaborating entity "termProject" for the top level hierarchy
Info: Elaborating entity "bcd_8bit_adder" for hierarchy "bcd_8bit_adder:comb_3"
Info: Elaborating entity "bcd_adder" for hierarchy "bcd_8bit_adder:comb_3|bcd_adder:comb_7"
Info: Elaborating entity "full_adder" for hierarchy "bcd_8bit_adder:comb_3|bcd_adder:comb_7|full_adder:fulladd1"
Info: Elaborating entity "bcd_8bit_subtractor" for hierarchy "bcd_8bit_subtractor:comb_4"
Info: Elaborating entity "tens_complement" for hierarchy "bcd_8bit_subtractor:comb_4|tens_complement:comb_7"
Info: Elaborating entity "nines_complement" for hierarchy "bcd_8bit_subtractor:comb_4|tens_complement:comb_7|nines_complement:_9c1"
Warning: 1 hierarchies have connectivity warnings - see the Connectivity Checks report folder
Info: Timing-Driven Synthesis is running
Info: Implemented 183 device resources after synthesis - the final resource count might be different
    Info: Implemented 17 input pins
    Info: Implemented 43 output pins
    Info: Implemented 123 logic cells
Info: Quartus II Analysis & Synthesis was successful. 0 errors, 8 warnings
    Info: Peak virtual memory: 231 megabytes
    Info: Processing ended: Thu Apr 11 01:00:18 2019
    Info: Elapsed time: 00:00:04
    Info: Total CPU time (on all processors): 00:00:04


